Updating lpp from local packages

Processing platform: Host support packages
============================================
using /home/tientrinh/LTIB/ltib/config/platform/host/ltib.preconfig

Processing: fake-provides
===========================

Processing: mkspooflinks
==========================

Processing: distcc
====================

Processing: ccache
====================

Processing: bison
===================

Processing: flex
==================

Processing: texinfo
=====================

Processing: autoconf
======================

Processing: libtool
=====================

Processing: lkc
=================

Processing: wget
==================

Processing: uclinux-cksum
===========================

Processing: genext2fs
=======================

Processing: genromfs
======================

Processing: gen_init_cpio
===========================

Processing: u-boot-tools
==========================

Processing: mtd-utils
=======================

Processing: pkgconfig
=======================

Processing: dtc
=================

Processing: cramfs
====================

Processing: unifdef
=====================

Processing: sparse
====================

Processing: git
=================

Processing: tunctl
====================

Processing: mux_server
========================

Processing: elftosb
=====================
